<?xml version="1.0" encoding="UTF-8"?>
<!-- Generated by org.testng.reporters.JUnitReportReporter -->
<testsuite skipped="0" hostname="SudhansuLaptop" name="com.tmb.tests.OrangeHRMTests" tests="2" failures="0" timestamp="2022-04-20T01:04:59 IST" time="95.304" errors="0">
  <testcase name="logInLogOutTest" time="49.648" classname="com.tmb.tests.OrangeHRMTests"/>
  <system-out/>
  <testcase name="logInLogOutTest" time="45.656" classname="com.tmb.tests.OrangeHRMTests"/>
  <system-out/>
</testsuite> <!-- com.tmb.tests.OrangeHRMTests -->
