<?xml version="1.0" encoding="UTF-8"?>
<!-- Generated by org.testng.reporters.JUnitReportReporter -->
<testsuite skipped="0" hostname="SudhansuLaptop" name="com.tmb.tests.LoginpageTest" tests="1" failures="0" timestamp="02 Feb 2022 15:53:19 GMT" time="9.913" errors="0">
  <testcase name="test1" time="9.913" classname="com.tmb.tests.LoginpageTest"/>
</testsuite> <!-- com.tmb.tests.LoginpageTest -->
